<?xml version="1.0" encoding="UTF-8"?>
<!-- Generated by org.testng.reporters.JUnitXMLReporter -->
<testsuite hostname="DESKTOP-7VP1M3O" name="Default test" tests="9" failures="0" timestamp="22 Oct 2018 05:21:20 GMT" time="170.563" errors="0">
  <testcase name="verifyLandingPage" time="5.616" classname="qaclickacademy.testcases.LandingPageTestCases"/>
  <testcase name="verifyCoursePage" time="9.123" classname="qaclickacademy.testcases.LandingPageTestCases"/>
  <testcase name="verifyVideoPage" time="6.22" classname="qaclickacademy.testcases.LandingPageTestCases"/>
  <testcase name="verifyinterviewGuidePage" time="5.393" classname="qaclickacademy.testcases.LandingPageTestCases"/>
  <testcase name="verifypractisePage" time="6.262" classname="qaclickacademy.testcases.LandingPageTestCases"/>
  <testcase name="verifyblogPage" time="5.695" classname="qaclickacademy.testcases.LandingPageTestCases"/>
  <testcase name="verifyaboutPage" time="5.133" classname="qaclickacademy.testcases.LandingPageTestCases"/>
  <testcase name="verifycontactPage" time="5.33" classname="qaclickacademy.testcases.LandingPageTestCases"/>
  <testcase name="verifyregisterPage" time="6.139" classname="qaclickacademy.testcases.LandingPageTestCases"/>
</testsuite> <!-- Default test -->
