<?xml version="1.0" encoding="UTF-8"?>
<!-- Generated by org.testng.reporters.JUnitXMLReporter -->
<testsuite hostname="DESKTOP-7VP1M3O" name="Smoke" tests="11" failures="0" timestamp="22 Oct 2018 05:57:31 GMT" time="214.939" errors="0">
  <testcase name="verifyRegPage" time="4.99" classname="qaclickacademy.testcases.RegisterPageTestCases"/>
  <testcase name="verifyLoginPage" time="8.862" classname="qaclickacademy.testcases.LoginPageTestCases"/>
  <testcase name="verifyLandingPage" time="9.204" classname="qaclickacademy.testcases.LandingPageTestCases"/>
  <testcase name="verifyCoursePage" time="8.81" classname="qaclickacademy.testcases.LandingPageTestCases"/>
  <testcase name="verifyVideoPage" time="5.325" classname="qaclickacademy.testcases.LandingPageTestCases"/>
  <testcase name="verifyinterviewGuidePage" time="5.338" classname="qaclickacademy.testcases.LandingPageTestCases"/>
  <testcase name="verifypractisePage" time="9.326" classname="qaclickacademy.testcases.LandingPageTestCases"/>
  <testcase name="verifyblogPage" time="5.555" classname="qaclickacademy.testcases.LandingPageTestCases"/>
  <testcase name="verifyaboutPage" time="5.315" classname="qaclickacademy.testcases.LandingPageTestCases"/>
  <testcase name="verifycontactPage" time="5.588" classname="qaclickacademy.testcases.LandingPageTestCases"/>
  <testcase name="verifyregisterPage" time="6.062" classname="qaclickacademy.testcases.LandingPageTestCases"/>
</testsuite> <!-- Smoke -->
